#
# There is insufficient memory for the Java Runtime Environment to continue.
# Native memory allocation (malloc) failed to allocate 1048576 bytes. Error detail: AllocateHeap
# Possible reasons:
#   The system is out of physical RAM or swap space
#   This process is running with CompressedOops enabled, and the Java Heap may be blocking the growth of the native heap
# Possible solutions:
#   Reduce memory load on the system
#   Increase physical memory or swap space
#   Check if swap backing store is full
#   Decrease Java heap size (-Xmx/-Xms)
#   Decrease number of Java threads
#   Decrease Java thread stack sizes (-Xss)
#   Set larger code cache with -XX:ReservedCodeCacheSize=
#   JVM is running with Unscaled Compressed Oops mode in which the Java heap is
#     placed in the first 4GB address space. The Java Heap base address is the
#     maximum limit for the native heap growth. Please use -XX:HeapBaseMinAddress
#     to set the Java Heap base and to place the Java Heap above 4GB virtual address.
# This output file may be truncated or incomplete.
#
#  Out of Memory Error (allocation.cpp:44), pid=14716, tid=2768
#
# JRE version:  (17.0.11+9) (build )
# Java VM: OpenJDK 64-Bit Server VM (17.0.11+9, mixed mode, tiered, compressed oops, compressed class ptrs, parallel gc, windows-amd64)
# No core dump will be written. Minidumps are not enabled by default on client versions of Windows
#

---------------  S U M M A R Y ------------

Command Line: --add-modules=ALL-SYSTEM --add-opens=java.base/java.util=ALL-UNNAMED --add-opens=java.base/java.lang=ALL-UNNAMED --add-opens=java.base/sun.nio.fs=ALL-UNNAMED -Declipse.application=org.eclipse.jdt.ls.core.id1 -Dosgi.bundles.defaultStartLevel=4 -Declipse.product=org.eclipse.jdt.ls.core.product -Djava.import.generatesMetadataFilesAtProjectRoot=false -DDetectVMInstallationsJob.disabled=true -Dfile.encoding=utf8 -XX:+UseParallelGC -XX:GCTimeRatio=4 -XX:AdaptiveSizePolicyWeight=90 -Dsun.zip.disableMemoryMapping=true -Xmx1G -Xms100m -Xlog:disable -javaagent:c:\Users\sande\.vscode\extensions\redhat.java-1.33.0-win32-x64\lombok\lombok-1.18.33.jar c:\Users\sande\.vscode\extensions\redhat.java-1.33.0-win32-x64\server\plugins\org.eclipse.equinox.launcher_1.6.900.v20240613-2009.jar -configuration c:\Users\sande\AppData\Roaming\Code\User\globalStorage\redhat.java\1.33.0\config_ss_win -data c:\Users\sande\AppData\Roaming\Code\User\workspaceStorage\dc0ec3a065edb50f0108d20a197350fe\redhat.java\ss_ws --pipe=\\.\pipe\lsp-efd4f987953cff694867a7560b157369-sock

Host: AMD Ryzen 3 3250U with Radeon Graphics         , 4 cores, 3G,  Windows 11 , 64 bit Build 22621 (10.0.22621.3672)
Time: Sat Aug  3 16:41:47 2024 Eastern Daylight Time elapsed time: 1.827195 seconds (0d 0h 0m 1s)

---------------  T H R E A D  ---------------

Current thread (0x000001d866de5c50):  JavaThread "Unknown thread" [_thread_in_vm, id=2768, stack(0x0000002fb4300000,0x0000002fb4400000)]

Stack: [0x0000002fb4300000,0x0000002fb4400000]
Native frames: (J=compiled Java code, j=interpreted, Vv=VM code, C=native code)
V  [jvm.dll+0x67d429]
V  [jvm.dll+0x834b7a]
V  [jvm.dll+0x83663e]
V  [jvm.dll+0x836ca3]
V  [jvm.dll+0x247dbf]
V  [jvm.dll+0xa6cb3]
V  [jvm.dll+0x6baf63]
V  [jvm.dll+0x6bbadf]
V  [jvm.dll+0x689b58]
V  [jvm.dll+0x806c4b]
V  [jvm.dll+0x36c5e4]
V  [jvm.dll+0x7e4f56]
V  [jvm.dll+0x3efdcf]
V  [jvm.dll+0x3f1921]
C  [jli.dll+0x528f]
C  [ucrtbase.dll+0x29333]
C  [KERNEL32.DLL+0x1257d]
C  [ntdll.dll+0x5af28]


---------------  P R O C E S S  ---------------

Threads class SMR info:
_java_thread_list=0x00007fff2a0beed8, length=0, elements={
}

Java Threads: ( => current thread )

Other Threads:
  0x000001d866dfafe0 GCTaskThread "GC Thread#0" [stack: 0x0000002fb4400000,0x0000002fb4500000] [id=8088]

=>0x000001d866de5c50 (exited) JavaThread "Unknown thread" [_thread_in_vm, id=2768, stack(0x0000002fb4300000,0x0000002fb4400000)]

Threads with active compile tasks:

VM state: not at safepoint (normal execution)

VM Mutex/Monitor currently owned by a thread: None

Heap address: 0x00000000c0000000, size: 1024 MB, Compressed Oops mode: 32-bit

CDS archive(s) not mapped
Compressed class space mapped at: 0x0000000100000000-0x0000000140000000, reserved size: 1073741824
Narrow klass base: 0x0000000000000000, Narrow klass shift: 3, Narrow klass range: 0x140000000

GC Precious Log:
 CPUs: 4 total, 4 available
 Memory: 3499M
 Large Page Support: Disabled
 NUMA Support: Disabled
 Compressed Oops: Enabled (32-bit)
 Alignments: Space 512K, Generation 512K, Heap 2M
 Heap Min Capacity: 100M
 Heap Initial Capacity: 100M
 Heap Max Capacity: 1G
 Pre-touch: Disabled
 Parallel Workers: 4

Heap:
 PSYoungGen      total 29696K, used 512K [0x00000000eab00000, 0x00000000ecc00000, 0x0000000100000000)
  eden space 25600K, 2% used [0x00000000eab00000,0x00000000eab80070,0x00000000ec400000)
  from space 4096K, 0% used [0x00000000ec800000,0x00000000ec800000,0x00000000ecc00000)
  to   space 4096K, 0% used [0x00000000ec400000,0x00000000ec400000,0x00000000ec800000)
 ParOldGen       total 68608K, used 0K [0x00000000c0000000, 0x00000000c4300000, 0x00000000eab00000)
  object space 68608K, 0% used [0x00000000c0000000,0x00000000c0000000,0x00000000c4300000)
 Metaspace       used 1149K, committed 1216K, reserved 1114112K
  class space    used 101K, committed 128K, reserved 1048576K

Card table byte_map: [0x000001d866760000,0x000001d866970000] _byte_map_base: 0x000001d866160000

Marking Bits: (ParMarkBitMap*) 0x00007fff2a12d820
 Begin Bits: [0x000001d878a60000, 0x000001d879a60000)
 End Bits:   [0x000001d879a60000, 0x000001d87aa60000)

Polling page: 0x000001d864d30000

Metaspace:

Usage:
  Non-class:      1.02 MB used.
      Class:    101.05 KB used.
       Both:      1.12 MB used.

Virtual space:
  Non-class space:       64.00 MB reserved,       1.06 MB (  2%) committed,  1 nodes.
      Class space:        1.00 GB reserved,     128.00 KB ( <1%) committed,  1 nodes.
             Both:        1.06 GB reserved,       1.19 MB ( <1%) committed. 

Chunk freelists:
   Non-Class:  12.00 MB
       Class:  15.75 MB
        Both:  27.75 MB

MaxMetaspaceSize: unlimited
CompressedClassSpaceSize: 1.00 GB
Initial GC threshold: 21.00 MB
Current GC threshold: 17179869184.00 GB
CDS: off
MetaspaceReclaimPolicy: balanced
 - commit_granule_bytes: 65536.
 - commit_granule_words: 8192.
 - virtual_space_node_default_size: 8388608.
 - enlarge_chunks_in_place: 1.
 - new_chunks_are_fully_committed: 0.
 - uncommit_free_chunks: 1.
 - use_allocation_guard: 0.
 - handle_deallocations: 1.


Internal statistics:

num_allocs_failed_limit: 0.
num_arena_births: 2.
num_arena_deaths: 0.
num_vsnodes_births: 2.
num_vsnodes_deaths: 0.
num_space_committed: 19.
num_space_uncommitted: 0.
num_chunks_returned_to_freelist: 0.
num_chunks_taken_from_freelist: 3.
num_chunk_merges: 0.
num_chunk_splits: 2.
num_chunks_enlarged: 0.
num_inconsistent_stats: 0.

CodeHeap 'non-profiled nmethods': size=120000Kb used=0Kb max_used=0Kb free=120000Kb
 bounds [0x000001d871530000, 0x000001d8717a0000, 0x000001d878a60000]
CodeHeap 'profiled nmethods': size=120000Kb used=0Kb max_used=0Kb free=120000Kb
 bounds [0x000001d869a60000, 0x000001d869cd0000, 0x000001d870f90000]
CodeHeap 'non-nmethods': size=5760Kb used=202Kb max_used=353Kb free=5557Kb
 bounds [0x000001d870f90000, 0x000001d871200000, 0x000001d871530000]
 total_blobs=66 nmethods=0 adapters=47
 compilation: enabled
              stopped_count=0, restarted_count=0
 full_count=0

Compilation events (0 events):
No events

GC Heap History (0 events):
No events

Dll operation events (1 events):
Event: 1.036 Loaded shared library c:\Users\sande\.vscode\extensions\redhat.java-1.33.0-win32-x64\jre\17.0.11-win32-x86_64\bin\java.dll

Deoptimization events (0 events):
No events

Classes unloaded (0 events):
No events

Classes redefined (0 events):
No events

Internal exceptions (0 events):
No events

VM Operations (0 events):
No events

Events (20 events):
Event: 1.759 loading class java/lang/Long
Event: 1.760 loading class java/lang/Long done
Event: 1.760 loading class java/util/Iterator
Event: 1.760 loading class java/util/Iterator done
Event: 1.760 loading class java/lang/reflect/RecordComponent
Event: 1.761 loading class java/lang/reflect/RecordComponent done
Event: 1.761 loading class jdk/internal/vm/vector/VectorSupport
Event: 1.761 loading class jdk/internal/vm/vector/VectorSupport done
Event: 1.761 loading class jdk/internal/vm/vector/VectorSupport$VectorPayload
Event: 1.761 loading class jdk/internal/vm/vector/VectorSupport$VectorPayload done
Event: 1.761 loading class jdk/internal/vm/vector/VectorSupport$Vector
Event: 1.762 loading class jdk/internal/vm/vector/VectorSupport$Vector done
Event: 1.762 loading class jdk/internal/vm/vector/VectorSupport$VectorMask
Event: 1.762 loading class jdk/internal/vm/vector/VectorSupport$VectorMask done
Event: 1.762 loading class jdk/internal/vm/vector/VectorSupport$VectorShuffle
Event: 1.762 loading class jdk/internal/vm/vector/VectorSupport$VectorShuffle done
Event: 1.792 loading class java/lang/NullPointerException
Event: 1.792 loading class java/lang/NullPointerException done
Event: 1.792 loading class java/lang/ArithmeticException
Event: 1.792 loading class java/lang/ArithmeticException done


Dynamic libraries:
0x00007ff6e0130000 - 0x00007ff6e013e000 	c:\Users\sande\.vscode\extensions\redhat.java-1.33.0-win32-x64\jre\17.0.11-win32-x86_64\bin\java.exe
0x00007fff97d70000 - 0x00007fff97f87000 	C:\WINDOWS\SYSTEM32\ntdll.dll
0x00007fff95c70000 - 0x00007fff95d34000 	C:\WINDOWS\System32\KERNEL32.DLL
0x00007fff951c0000 - 0x00007fff9556d000 	C:\WINDOWS\System32\KERNELBASE.dll
0x00007fff91880000 - 0x00007fff91917000 	C:\WINDOWS\SYSTEM32\apphelp.dll
0x00007fff95990000 - 0x00007fff95aa1000 	C:\WINDOWS\System32\ucrtbase.dll
0x00007fff78f90000 - 0x00007fff78fa7000 	c:\Users\sande\.vscode\extensions\redhat.java-1.33.0-win32-x64\jre\17.0.11-win32-x86_64\bin\jli.dll
0x00007fff97b70000 - 0x00007fff97d1e000 	C:\WINDOWS\System32\USER32.dll
0x00007fff957f0000 - 0x00007fff95816000 	C:\WINDOWS\System32\win32u.dll
0x00007fff95c40000 - 0x00007fff95c69000 	C:\WINDOWS\System32\GDI32.dll
0x00007fff950a0000 - 0x00007fff951b9000 	C:\WINDOWS\System32\gdi32full.dll
0x00007fff956a0000 - 0x00007fff9573a000 	C:\WINDOWS\System32\msvcp_win.dll
0x00007fff82180000 - 0x00007fff82413000 	C:\WINDOWS\WinSxS\amd64_microsoft.windows.common-controls_6595b64144ccf1df_6.0.22621.3672_none_2713b9d173822955\COMCTL32.dll
0x00007fff96f00000 - 0x00007fff96fa7000 	C:\WINDOWS\System32\msvcrt.dll
0x00007fff78710000 - 0x00007fff7872b000 	c:\Users\sande\.vscode\extensions\redhat.java-1.33.0-win32-x64\jre\17.0.11-win32-x86_64\bin\VCRUNTIME140.dll
0x00007fff97ad0000 - 0x00007fff97b01000 	C:\WINDOWS\System32\IMM32.DLL
0x00007fff7c980000 - 0x00007fff7c98c000 	c:\Users\sande\.vscode\extensions\redhat.java-1.33.0-win32-x64\jre\17.0.11-win32-x86_64\bin\vcruntime140_1.dll
0x00007fff670e0000 - 0x00007fff6716d000 	c:\Users\sande\.vscode\extensions\redhat.java-1.33.0-win32-x64\jre\17.0.11-win32-x86_64\bin\msvcp140.dll
0x00007fff29590000 - 0x00007fff2a1f2000 	c:\Users\sande\.vscode\extensions\redhat.java-1.33.0-win32-x64\jre\17.0.11-win32-x86_64\bin\server\jvm.dll
0x00007fff970b0000 - 0x00007fff97162000 	C:\WINDOWS\System32\ADVAPI32.dll
0x00007fff95e40000 - 0x00007fff95ee9000 	C:\WINDOWS\System32\sechost.dll
0x00007fff957c0000 - 0x00007fff957e8000 	C:\WINDOWS\System32\bcrypt.dll
0x00007fff95ac0000 - 0x00007fff95bd4000 	C:\WINDOWS\System32\RPCRT4.dll
0x00007fff94f60000 - 0x00007fff94fad000 	C:\WINDOWS\SYSTEM32\POWRPROF.dll
0x00007fff8fb90000 - 0x00007fff8fbc4000 	C:\WINDOWS\SYSTEM32\WINMM.dll
0x00007fff8c6d0000 - 0x00007fff8c6da000 	C:\WINDOWS\SYSTEM32\VERSION.dll
0x00007fff8c6e0000 - 0x00007fff8c6e9000 	C:\WINDOWS\SYSTEM32\WSOCK32.dll
0x00007fff97a50000 - 0x00007fff97ac1000 	C:\WINDOWS\System32\WS2_32.dll
0x00007fff94f40000 - 0x00007fff94f53000 	C:\WINDOWS\SYSTEM32\UMPDC.dll
0x00007fff94090000 - 0x00007fff940a8000 	C:\WINDOWS\SYSTEM32\kernel.appcore.dll
0x00007fff78420000 - 0x00007fff7842a000 	c:\Users\sande\.vscode\extensions\redhat.java-1.33.0-win32-x64\jre\17.0.11-win32-x86_64\bin\jimage.dll
0x00007fff8e100000 - 0x00007fff8e332000 	C:\WINDOWS\SYSTEM32\DBGHELP.DLL
0x00007fff95f80000 - 0x00007fff96308000 	C:\WINDOWS\System32\combase.dll
0x00007fff96310000 - 0x00007fff963e7000 	C:\WINDOWS\System32\OLEAUT32.dll
0x00007fff771e0000 - 0x00007fff77212000 	C:\WINDOWS\SYSTEM32\dbgcore.DLL
0x00007fff95740000 - 0x00007fff957bb000 	C:\WINDOWS\System32\bcryptPrimitives.dll
0x00007fff77d70000 - 0x00007fff77d7e000 	c:\Users\sande\.vscode\extensions\redhat.java-1.33.0-win32-x64\jre\17.0.11-win32-x86_64\bin\instrument.dll
0x00007fff6a3f0000 - 0x00007fff6a415000 	c:\Users\sande\.vscode\extensions\redhat.java-1.33.0-win32-x64\jre\17.0.11-win32-x86_64\bin\java.dll
0x00007fff71f50000 - 0x00007fff71f68000 	c:\Users\sande\.vscode\extensions\redhat.java-1.33.0-win32-x64\jre\17.0.11-win32-x86_64\bin\zip.dll

dbghelp: loaded successfully - version: 4.0.5 - missing functions: none
symbol engine: initialized successfully - sym options: 0x614 - pdb path: .;c:\Users\sande\.vscode\extensions\redhat.java-1.33.0-win32-x64\jre\17.0.11-win32-x86_64\bin;C:\WINDOWS\SYSTEM32;C:\WINDOWS\WinSxS\amd64_microsoft.windows.common-controls_6595b64144ccf1df_6.0.22621.3672_none_2713b9d173822955;c:\Users\sande\.vscode\extensions\redhat.java-1.33.0-win32-x64\jre\17.0.11-win32-x86_64\bin\server

VM Arguments:
jvm_args: --add-modules=ALL-SYSTEM --add-opens=java.base/java.util=ALL-UNNAMED --add-opens=java.base/java.lang=ALL-UNNAMED --add-opens=java.base/sun.nio.fs=ALL-UNNAMED -Declipse.application=org.eclipse.jdt.ls.core.id1 -Dosgi.bundles.defaultStartLevel=4 -Declipse.product=org.eclipse.jdt.ls.core.product -Djava.import.generatesMetadataFilesAtProjectRoot=false -DDetectVMInstallationsJob.disabled=true -Dfile.encoding=utf8 -XX:+UseParallelGC -XX:GCTimeRatio=4 -XX:AdaptiveSizePolicyWeight=90 -Dsun.zip.disableMemoryMapping=true -Xmx1G -Xms100m -Xlog:disable -javaagent:c:\Users\sande\.vscode\extensions\redhat.java-1.33.0-win32-x64\lombok\lombok-1.18.33.jar 
java_command: c:\Users\sande\.vscode\extensions\redhat.java-1.33.0-win32-x64\server\plugins\org.eclipse.equinox.launcher_1.6.900.v20240613-2009.jar -configuration c:\Users\sande\AppData\Roaming\Code\User\globalStorage\redhat.java\1.33.0\config_ss_win -data c:\Users\sande\AppData\Roaming\Code\User\workspaceStorage\dc0ec3a065edb50f0108d20a197350fe\redhat.java\ss_ws --pipe=\\.\pipe\lsp-efd4f987953cff694867a7560b157369-sock
java_class_path (initial): c:\Users\sande\.vscode\extensions\redhat.java-1.33.0-win32-x64\server\plugins\org.eclipse.equinox.launcher_1.6.900.v20240613-2009.jar
Launcher Type: SUN_STANDARD

[Global flags]
    uintx AdaptiveSizePolicyWeight                 = 90                                        {product} {command line}
     intx CICompilerCount                          = 3                                         {product} {ergonomic}
    uintx GCTimeRatio                              = 4                                         {product} {command line}
   size_t InitialHeapSize                          = 104857600                                 {product} {command line}
   size_t MaxHeapSize                              = 1073741824                                {product} {command line}
   size_t MaxNewSize                               = 357564416                                 {product} {ergonomic}
   size_t MinHeapDeltaBytes                        = 524288                                    {product} {ergonomic}
   size_t MinHeapSize                              = 104857600                                 {product} {command line}
   size_t NewSize                                  = 34603008                                  {product} {ergonomic}
    uintx NonNMethodCodeHeapSize                   = 5832780                                {pd product} {ergonomic}
    uintx NonProfiledCodeHeapSize                  = 122912730                              {pd product} {ergonomic}
   size_t OldSize                                  = 70254592                                  {product} {ergonomic}
    uintx ProfiledCodeHeapSize                     = 122912730                              {pd product} {ergonomic}
    uintx ReservedCodeCacheSize                    = 251658240                              {pd product} {ergonomic}
     bool SegmentedCodeCache                       = true                                      {product} {ergonomic}
   size_t SoftMaxHeapSize                          = 1073741824                             {manageable} {ergonomic}
     bool UseCompressedClassPointers               = true                           {product lp64_product} {ergonomic}
     bool UseCompressedOops                        = true                           {product lp64_product} {ergonomic}
     bool UseLargePagesIndividualAllocation        = false                                  {pd product} {ergonomic}
     bool UseParallelGC                            = true                                      {product} {command line}

Logging:
Log output configuration:
 #0: stdout all=off uptime,level,tags
 #1: stderr all=off uptime,level,tags

Environment Variables:
JAVA_HOME=C:\Users\sande\OneDrive\Desktop\jdk-18.0.1.1
PATH=C:\Python312\Scripts\;C:\Python312\;C:\Python311\Scripts\;C:\Python311\;C:\ProgramData\Oracle\Java\javapath;C:\Users\sande\OneDrive\Desktop\19c\WINDOWS.X64_193000_db_home\bin;C:\app\sande\product\21c\dbhomeXE\bin;C:\Program Files (x86)\Common Files\Oracle\Java\javapath;C:\Python310\Scripts\;C:\Python310\;C:\Users\sande\OneDrive\Desktop\Apache;C:\WINDOWS;C:\WINDOWS\System32\Wbem;C:\WINDOWS\System32\WindowsPowerShell\v1.0\;C:\WINDOWS\System32\OpenSSH\;C:\Program Files\apache-maven-3.8.5\bin;C:\Users\sande\AppData\Local\Programs\Microsoft VS Code\bin;C:\ProgramData\chocolatey\bin;C:\Users\sande\OneDrive\Desktop\jdk-18.0.1.1;C:\Users\sande\Downloads\spring-tool-suite-4-4.17.1.RELEASE-e4.26.0-win32.win32.x86_64.self-extracting\META-INF\maven\org.springframework.ide\self-extracting-jar-creator;C:\Users\sande\OneDrive\Desktop\jdk-9.0.4_windows-x64_bin;C:\Users\sande\OneDrive\Desktop\jdk-8u202-windows-i586;%JAVA_HOME%\bin;C:\Python\Python36-32\Scripts;C:\Python27;"C:\Python27;C:\Python27\Scripts\";C:\WINDOWS\system32;C:\Users\sande\AppData\Roaming\nvm;C:\Program Files\nodejs;C:\Program Files\nodejs\node_modules\npm\bin;C:\Program Files\nodejs\;C:\Program Files\HP\HP One Agent;C:\Program Files\Git\cmd;C:\Program Files\Heroku\bin;C:\Users\sande\AppData\Local\Android\Sdk\platform-tools;C:\Users\sande\AppData\Local\Android\Sdk\tools;C:\Users\sande\AppData\Microsoft\WindowsApps;C:\Users\sande\AppData\Local\Programs\Microsoft VS Code\bin;C:\Users\sande\OneDrive\Desktop\jdk-8u202-windows-i586;C:\Users\sande\OneDrive\Desktop\apache-maven-3.8.5;C:\Users\sande\OneDrive\Desktop\jdk-18.0.1.1;C:\Users\sande\OneDrive\Desktop\jdk-9.0.4_windows-x64_bin;C:\Users\sande\OneDrive\Desktop\jdk-18.0.1.1\bin;C:\Python310\Scripts\;C:\Python310\;C:\Python\Python36-32\Scripts;C:\Users\sande\AppData\Local\npm-cache_npx;C:\Users\sande\AppData\Local\Microsoft\WindowsApps;C:\Users\sande\AppData\Roaming\nvm;C:\Program Files\nodejs;C:\Users\sande\AppData\Roaming\npm;
USERNAME=sande
OS=Windows_NT
PROCESSOR_IDENTIFIER=AMD64 Family 23 Model 24 Stepping 1, AuthenticAMD
TMP=C:\Users\sande\AppData\Local\Temp
TEMP=C:\Users\sande\AppData\Local\Temp



Periodic native trim disabled


---------------  S Y S T E M  ---------------

OS:
 Windows 11 , 64 bit Build 22621 (10.0.22621.3672)
OS uptime: 3 days 2:52 hours
Hyper-V role detected

CPU: total 4 (initial active 4) (4 cores per cpu, 2 threads per core) family 23 model 24 stepping 1 microcode 0x0, cx8, cmov, fxsr, ht, mmx, 3dnowpref, sse, sse2, sse3, ssse3, sse4a, sse4.1, sse4.2, popcnt, lzcnt, tsc, tscinvbit, avx, avx2, aes, clmul, bmi1, bmi2, adx, sha, fma, vzeroupper, clflush, clflushopt, hv
Processor Information for all 4 processors :
  Max Mhz: 2600, Current Mhz: 2600, Mhz Limit: 2600

Memory: 4k page, system-wide physical 3499M (81M free)
TotalPageFile size 14251M (AvailPageFile size 28M)
current process WorkingSet (physical memory assigned to process): 17M, peak: 17M
current process commit charge ("private bytes"): 163M, peak: 164M

vm_info: OpenJDK 64-Bit Server VM (17.0.11+9) for windows-amd64 JRE (17.0.11+9), built on Apr 17 2024 06:07:48 by "admin" with MS VC++ 16.10 / 16.11 (VS2019)

END.
